2018-05-09 17:18:06 Main DEBUG: Bienvenue, Willkommen, Hello, Namaskar, Welkom to OpenPnP version 2018-01-04_04-11-19.9373911.
2018-05-09 17:18:06 Scripting TRACE: Scripting.on Startup
2018-05-09 17:18:06 CameraView DEBUG: Failed to load camera specific reticle, checking default.
2018-05-09 17:18:06 CameraView DEBUG: No reticle preference found.
2018-05-09 17:18:07 CameraView DEBUG: Failed to load camera specific reticle, checking default.
2018-05-09 17:18:07 CameraView DEBUG: No reticle preference found.
2018-05-09 17:18:45 ReferenceMachine DEBUG: setEnabled(true)
2018-05-09 17:18:46 GcodeDriver DEBUG: sendCommand(null, 250)...
2018-05-09 17:18:46 GcodeDriver DEBUG: sendCommand(/dev/ttyACM1 null, 250) => []
2018-05-09 17:18:46 GcodeDriver DEBUG: sendCommand(G90, 5000)...
2018-05-09 17:18:46 GcodeDriver TRACE: [/dev/ttyACM1] >> G90
2018-05-09 17:18:46 GcodeDriver TRACE: [/dev/ttyACM1] << ok
2018-05-09 17:18:46 GcodeDriver DEBUG: sendCommand(/dev/ttyACM1 G90, 5000) => [ok]
2018-05-09 17:18:46 GcodeDriver DEBUG: sendCommand(M82, 5000)...
2018-05-09 17:18:46 GcodeDriver TRACE: [/dev/ttyACM1] >> M82
2018-05-09 17:18:46 GcodeDriver TRACE: [/dev/ttyACM1] << ok
2018-05-09 17:18:46 GcodeDriver DEBUG: sendCommand(/dev/ttyACM1 M82, 5000) => [ok]
2018-05-09 17:18:46 GcodeDriver DEBUG: sendCommand(G92 X0 Y0 Z10 E0, 5000)...
2018-05-09 17:18:46 GcodeDriver TRACE: [/dev/ttyACM1] >> G92 X0 Y0 Z10 E0
2018-05-09 17:18:46 GcodeDriver TRACE: [/dev/ttyACM1] << ok
2018-05-09 17:18:46 GcodeDriver DEBUG: sendCommand(/dev/ttyACM1 G92 X0 Y0 Z10 E0, 5000) => [ok]
2018-05-09 17:18:48 ReferenceHead DEBUG: H1.home()
2018-05-09 17:18:48 GcodeDriver DEBUG: sendCommand(G28, -1)...
2018-05-09 17:18:48 GcodeDriver TRACE: [/dev/ttyACM1] >> G28
2018-05-09 17:18:51 GcodeDriver TRACE: [/dev/ttyACM1] << ok
2018-05-09 17:18:51 GcodeDriver DEBUG: sendCommand(/dev/ttyACM1 G28, -1) => [ok]
2018-05-09 17:18:51 GcodeDriver DEBUG: sendCommand(G0 X0 Y0 Z10, -1)...
2018-05-09 17:18:51 GcodeDriver TRACE: [/dev/ttyACM1] >> G0 X0 Y0 Z10
2018-05-09 17:18:51 GcodeDriver TRACE: [/dev/ttyACM1] << ok
2018-05-09 17:18:51 GcodeDriver DEBUG: sendCommand(/dev/ttyACM1 G0 X0 Y0 Z10, -1) => [ok]
2018-05-09 17:18:51 GcodeDriver DEBUG: sendCommand(T0 S1, -1)...
2018-05-09 17:18:51 GcodeDriver TRACE: [/dev/ttyACM1] >> T0 S1
2018-05-09 17:18:53 GcodeDriver TRACE: [/dev/ttyACM1] << echo:Active Extruder: 0
2018-05-09 17:18:53 GcodeDriver TRACE: [/dev/ttyACM1] << ok
2018-05-09 17:18:53 GcodeDriver DEBUG: sendCommand(/dev/ttyACM1 T0 S1, -1) => [echo:Active Extruder: 0, ok]
2018-05-09 17:19:05 ReferenceMachine DEBUG: setEnabled(false)
2018-05-09 17:19:05 GcodeDriver DEBUG: sendCommand(M84, 5000)...
2018-05-09 17:19:05 GcodeDriver TRACE: [/dev/ttyACM1] >> M84
2018-05-09 17:19:05 GcodeDriver TRACE: [/dev/ttyACM1] << ok
2018-05-09 17:19:05 GcodeDriver DEBUG: sendCommand(/dev/ttyACM1 M84, 5000) => [ok]
2018-05-09 17:19:06 ReferenceMachine DEBUG: setEnabled(true)
2018-05-09 17:19:06 GcodeDriver DEBUG: sendCommand(G90, 5000)...
2018-05-09 17:19:06 GcodeDriver TRACE: [/dev/ttyACM1] >> G90
2018-05-09 17:19:06 GcodeDriver TRACE: [/dev/ttyACM1] << ok
2018-05-09 17:19:06 GcodeDriver DEBUG: sendCommand(/dev/ttyACM1 G90, 5000) => [ok]
2018-05-09 17:19:06 GcodeDriver DEBUG: sendCommand(M82, 5000)...
2018-05-09 17:19:06 GcodeDriver TRACE: [/dev/ttyACM1] >> M82
2018-05-09 17:19:06 GcodeDriver TRACE: [/dev/ttyACM1] << ok
2018-05-09 17:19:06 GcodeDriver DEBUG: sendCommand(/dev/ttyACM1 M82, 5000) => [ok]
2018-05-09 17:19:06 GcodeDriver DEBUG: sendCommand(G92 X0 Y0 Z10 E0, 5000)...
2018-05-09 17:19:06 GcodeDriver TRACE: [/dev/ttyACM1] >> G92 X0 Y0 Z10 E0
2018-05-09 17:19:06 GcodeDriver TRACE: [/dev/ttyACM1] << ok
2018-05-09 17:19:06 GcodeDriver DEBUG: sendCommand(/dev/ttyACM1 G92 X0 Y0 Z10 E0, 5000) => [ok]
2018-05-09 17:19:07 ReferenceHead DEBUG: H1.home()
2018-05-09 17:19:07 GcodeDriver DEBUG: sendCommand(G28, -1)...
2018-05-09 17:19:07 GcodeDriver TRACE: [/dev/ttyACM1] >> G28
2018-05-09 17:19:11 GcodeDriver TRACE: [/dev/ttyACM1] << ok
2018-05-09 17:19:11 GcodeDriver DEBUG: sendCommand(/dev/ttyACM1 G28, -1) => [ok]
2018-05-09 17:19:11 GcodeDriver DEBUG: sendCommand(G0 X0 Y0 Z10, -1)...
2018-05-09 17:19:11 GcodeDriver TRACE: [/dev/ttyACM1] >> G0 X0 Y0 Z10
2018-05-09 17:19:11 GcodeDriver TRACE: [/dev/ttyACM1] << ok
2018-05-09 17:19:11 GcodeDriver DEBUG: sendCommand(/dev/ttyACM1 G0 X0 Y0 Z10, -1) => [ok]
2018-05-09 17:19:11 GcodeDriver DEBUG: sendCommand(T0 S1, -1)...
2018-05-09 17:19:11 GcodeDriver TRACE: [/dev/ttyACM1] >> T0 S1
2018-05-09 17:19:12 GcodeDriver TRACE: [/dev/ttyACM1] << echo:Active Extruder: 0
2018-05-09 17:19:12 GcodeDriver TRACE: [/dev/ttyACM1] << ok
2018-05-09 17:19:12 GcodeDriver DEBUG: sendCommand(/dev/ttyACM1 T0 S1, -1) => [echo:Active Extruder: 0, ok]
2018-05-09 17:19:25 ReferenceMachine DEBUG: setEnabled(false)
2018-05-09 17:19:25 GcodeDriver DEBUG: sendCommand(M84, 5000)...
2018-05-09 17:19:25 GcodeDriver TRACE: [/dev/ttyACM1] >> M84
2018-05-09 17:19:25 GcodeDriver TRACE: [/dev/ttyACM1] << ok
2018-05-09 17:19:25 GcodeDriver DEBUG: sendCommand(/dev/ttyACM1 M84, 5000) => [ok]
2018-05-09 17:19:26 ReferenceMachine DEBUG: setEnabled(true)
2018-05-09 17:19:26 GcodeDriver DEBUG: sendCommand(G90, 5000)...
2018-05-09 17:19:26 GcodeDriver TRACE: [/dev/ttyACM1] >> G90
2018-05-09 17:19:26 GcodeDriver TRACE: [/dev/ttyACM1] << ok
2018-05-09 17:19:26 GcodeDriver DEBUG: sendCommand(/dev/ttyACM1 G90, 5000) => [ok]
2018-05-09 17:19:26 GcodeDriver DEBUG: sendCommand(M82, 5000)...
2018-05-09 17:19:26 GcodeDriver TRACE: [/dev/ttyACM1] >> M82
2018-05-09 17:19:26 GcodeDriver TRACE: [/dev/ttyACM1] << ok
2018-05-09 17:19:26 GcodeDriver DEBUG: sendCommand(/dev/ttyACM1 M82, 5000) => [ok]
2018-05-09 17:19:26 GcodeDriver DEBUG: sendCommand(G92 X0 Y0 Z10 E0, 5000)...
2018-05-09 17:19:26 GcodeDriver TRACE: [/dev/ttyACM1] >> G92 X0 Y0 Z10 E0
2018-05-09 17:19:26 GcodeDriver TRACE: [/dev/ttyACM1] << ok
2018-05-09 17:19:26 GcodeDriver DEBUG: sendCommand(/dev/ttyACM1 G92 X0 Y0 Z10 E0, 5000) => [ok]
2018-05-09 17:19:27 ReferenceHead DEBUG: H1.home()
2018-05-09 17:19:27 GcodeDriver DEBUG: sendCommand(G28, -1)...
2018-05-09 17:19:27 GcodeDriver TRACE: [/dev/ttyACM1] >> G28
2018-05-09 17:19:30 GcodeDriver TRACE: [/dev/ttyACM1] << ok
2018-05-09 17:19:30 GcodeDriver DEBUG: sendCommand(/dev/ttyACM1 G28, -1) => [ok]
2018-05-09 17:19:30 GcodeDriver DEBUG: sendCommand(G0 X0 Y0 Z10, -1)...
2018-05-09 17:19:30 GcodeDriver TRACE: [/dev/ttyACM1] >> G0 X0 Y0 Z10
2018-05-09 17:19:30 GcodeDriver TRACE: [/dev/ttyACM1] << ok
2018-05-09 17:19:30 GcodeDriver DEBUG: sendCommand(/dev/ttyACM1 G0 X0 Y0 Z10, -1) => [ok]
2018-05-09 17:19:30 GcodeDriver DEBUG: sendCommand(T0 S1, -1)...
2018-05-09 17:19:30 GcodeDriver TRACE: [/dev/ttyACM1] >> T0 S1
2018-05-09 17:19:32 GcodeDriver TRACE: [/dev/ttyACM1] << echo:Active Extruder: 0
2018-05-09 17:19:32 GcodeDriver TRACE: [/dev/ttyACM1] << ok
2018-05-09 17:19:32 GcodeDriver DEBUG: sendCommand(/dev/ttyACM1 T0 S1, -1) => [echo:Active Extruder: 0, ok]
2018-05-09 17:19:58 MainFrame INFO: Shutting down...
2018-05-09 17:19:58 ReferenceMachine DEBUG: setEnabled(false)
2018-05-09 17:19:58 GcodeDriver DEBUG: sendCommand(M84, 5000)...
2018-05-09 17:19:58 GcodeDriver TRACE: [/dev/ttyACM1] >> M84
2018-05-09 17:19:58 GcodeDriver TRACE: [/dev/ttyACM1] << ok
2018-05-09 17:19:58 GcodeDriver DEBUG: sendCommand(/dev/ttyACM1 M84, 5000) => [ok]
2018-05-09 17:19:59 MainFrame INFO: Shutdown complete, exiting.
