2018-05-09 16:55:40 Main DEBUG: Bienvenue, Willkommen, Hello, Namaskar, Welkom to OpenPnP version 2018-01-04_04-11-19.9373911.
2018-05-09 16:55:40 Scripting TRACE: Scripting.on Startup
2018-05-09 16:55:40 CameraView DEBUG: Failed to load camera specific reticle, checking default.
2018-05-09 16:55:40 CameraView DEBUG: No reticle preference found.
2018-05-09 16:55:40 CameraView DEBUG: Failed to load camera specific reticle, checking default.
2018-05-09 16:55:40 CameraView DEBUG: No reticle preference found.
2018-05-09 16:55:44 ReferenceMachine DEBUG: setEnabled(true)
2018-05-09 16:55:45 GcodeDriver DEBUG: sendCommand(null, 250)...
2018-05-09 16:55:45 GcodeDriver DEBUG: sendCommand(/dev/ttyACM1 null, 250) => []
2018-05-09 16:55:45 GcodeDriver DEBUG: sendCommand(G90, 5000)...
2018-05-09 16:55:45 GcodeDriver TRACE: [/dev/ttyACM1] >> G90
2018-05-09 16:55:45 GcodeDriver TRACE: [/dev/ttyACM1] << ok
2018-05-09 16:55:45 GcodeDriver DEBUG: sendCommand(/dev/ttyACM1 G90, 5000) => [ok]
2018-05-09 16:55:45 GcodeDriver DEBUG: sendCommand(M82, 5000)...
2018-05-09 16:55:45 GcodeDriver TRACE: [/dev/ttyACM1] >> M82
2018-05-09 16:55:45 GcodeDriver TRACE: [/dev/ttyACM1] << ok
2018-05-09 16:55:45 GcodeDriver DEBUG: sendCommand(/dev/ttyACM1 M82, 5000) => [ok]
2018-05-09 16:55:45 GcodeDriver DEBUG: sendCommand(G92 X0 Y0 Z0 E0, 5000)...
2018-05-09 16:55:45 GcodeDriver TRACE: [/dev/ttyACM1] >> G92 X0 Y0 Z0 E0
2018-05-09 16:55:45 GcodeDriver TRACE: [/dev/ttyACM1] << ok
2018-05-09 16:55:45 GcodeDriver DEBUG: sendCommand(/dev/ttyACM1 G92 X0 Y0 Z0 E0, 5000) => [ok]
2018-05-09 16:55:49 ReferenceHead DEBUG: H1.home()
2018-05-09 16:55:49 GcodeDriver DEBUG: sendCommand(G28, -1)...
2018-05-09 16:55:49 GcodeDriver TRACE: [/dev/ttyACM1] >> G28
2018-05-09 16:55:51 GcodeDriver TRACE: [/dev/ttyACM1] << ok
2018-05-09 16:55:51 GcodeDriver DEBUG: sendCommand(/dev/ttyACM1 G28, -1) => [ok]
2018-05-09 16:55:51 GcodeDriver DEBUG: sendCommand(G0 X0 Y0 Z0, -1)...
2018-05-09 16:55:51 GcodeDriver TRACE: [/dev/ttyACM1] >> G0 X0 Y0 Z0
2018-05-09 16:55:51 GcodeDriver TRACE: [/dev/ttyACM1] << ok
2018-05-09 16:55:51 GcodeDriver DEBUG: sendCommand(/dev/ttyACM1 G0 X0 Y0 Z0, -1) => [ok]
2018-05-09 16:55:51 GcodeDriver DEBUG: sendCommand(T0 S1, -1)...
2018-05-09 16:55:51 GcodeDriver TRACE: [/dev/ttyACM1] >> T0 S1
2018-05-09 16:56:10 GcodeDriver TRACE: [/dev/ttyACM1] << echo:Active Extruder: 0
2018-05-09 16:56:10 GcodeDriver TRACE: [/dev/ttyACM1] << ok
2018-05-09 16:56:10 GcodeDriver DEBUG: sendCommand(/dev/ttyACM1 T0 S1, -1) => [echo:Active Extruder: 0, ok]
2018-05-09 16:56:10 GcodeDriver DEBUG: sendCommand(G92 E0, -1)...
2018-05-09 16:56:10 GcodeDriver TRACE: [/dev/ttyACM1] >> G92 E0
2018-05-09 16:56:10 GcodeDriver TRACE: [/dev/ttyACM1] << ok
2018-05-09 16:56:10 GcodeDriver DEBUG: sendCommand(/dev/ttyACM1 G92 E0, -1) => [ok]
2018-05-09 16:56:10 GcodeDriver DEBUG: sendCommand(T1 S1, -1)...
2018-05-09 16:56:10 GcodeDriver TRACE: [/dev/ttyACM1] >> T1 S1
2018-05-09 16:56:10 GcodeDriver TRACE: [/dev/ttyACM1] << echo:TInvalid extruder
2018-05-09 16:56:10 GcodeDriver TRACE: [/dev/ttyACM1] << ok
2018-05-09 16:56:10 GcodeDriver DEBUG: sendCommand(/dev/ttyACM1 T1 S1, -1) => [echo:TInvalid extruder, ok]
2018-05-09 16:56:10 GcodeDriver DEBUG: sendCommand(G92 E0, -1)...
2018-05-09 16:56:10 GcodeDriver TRACE: [/dev/ttyACM1] >> G92 E0
2018-05-09 16:56:10 GcodeDriver TRACE: [/dev/ttyACM1] << ok
2018-05-09 16:56:10 GcodeDriver DEBUG: sendCommand(/dev/ttyACM1 G92 E0, -1) => [ok]
2018-05-09 17:07:38 OpenCvCamera TRACE: OpenCvCamera CAP_PROP_POS_MSEC = 0.0
2018-05-09 17:07:38 OpenCvCamera TRACE: OpenCvCamera CAP_PROP_POS_FRAMES = 0.0
2018-05-09 17:07:38 OpenCvCamera TRACE: OpenCvCamera CAP_PROP_POS_AVI_RATIO = 0.0
2018-05-09 17:07:38 OpenCvCamera TRACE: OpenCvCamera CAP_PROP_FRAME_WIDTH = 0.0
2018-05-09 17:07:38 OpenCvCamera TRACE: OpenCvCamera CAP_PROP_FRAME_HEIGHT = 0.0
2018-05-09 17:07:38 OpenCvCamera TRACE: OpenCvCamera CAP_PROP_FPS = 0.0
2018-05-09 17:07:38 OpenCvCamera TRACE: OpenCvCamera CAP_PROP_FOURCC = 0.0
2018-05-09 17:07:38 OpenCvCamera TRACE: OpenCvCamera CAP_PROP_FRAME_COUNT = 0.0
2018-05-09 17:07:38 OpenCvCamera TRACE: OpenCvCamera CAP_PROP_FORMAT = 0.0
2018-05-09 17:07:38 OpenCvCamera TRACE: OpenCvCamera CAP_PROP_MODE = 0.0
2018-05-09 17:07:38 OpenCvCamera TRACE: OpenCvCamera CAP_PROP_BRIGHTNESS = 0.0
2018-05-09 17:07:38 OpenCvCamera TRACE: OpenCvCamera CAP_PROP_CONTRAST = 0.0
2018-05-09 17:07:38 OpenCvCamera TRACE: OpenCvCamera CAP_PROP_SATURATION = 0.0
2018-05-09 17:07:38 OpenCvCamera TRACE: OpenCvCamera CAP_PROP_HUE = 0.0
2018-05-09 17:07:38 OpenCvCamera TRACE: OpenCvCamera CAP_PROP_GAIN = 0.0
2018-05-09 17:07:38 OpenCvCamera TRACE: OpenCvCamera CAP_PROP_EXPOSURE = 0.0
2018-05-09 17:07:38 OpenCvCamera TRACE: OpenCvCamera CAP_PROP_CONVERT_RGB = 0.0
2018-05-09 17:07:38 OpenCvCamera TRACE: OpenCvCamera CAP_PROP_WHITE_BALANCE_BLUE_U = 0.0
2018-05-09 17:07:38 OpenCvCamera TRACE: OpenCvCamera CAP_PROP_RECTIFICATION = 0.0
2018-05-09 17:07:38 OpenCvCamera TRACE: OpenCvCamera CAP_PROP_MONOCHROME = 0.0
2018-05-09 17:07:38 OpenCvCamera TRACE: OpenCvCamera CAP_PROP_SHARPNESS = 0.0
2018-05-09 17:07:38 OpenCvCamera TRACE: OpenCvCamera CAP_PROP_AUTO_EXPOSURE = 0.0
2018-05-09 17:07:38 OpenCvCamera TRACE: OpenCvCamera CAP_PROP_GAMMA = 0.0
2018-05-09 17:07:38 OpenCvCamera TRACE: OpenCvCamera CAP_PROP_TEMPERATURE = 0.0
2018-05-09 17:07:38 OpenCvCamera TRACE: OpenCvCamera CAP_PROP_TRIGGER = 0.0
2018-05-09 17:07:38 OpenCvCamera TRACE: OpenCvCamera CAP_PROP_TRIGGER_DELAY = 0.0
2018-05-09 17:07:38 OpenCvCamera TRACE: OpenCvCamera CAP_PROP_WHITE_BALANCE_RED_V = 0.0
2018-05-09 17:07:38 OpenCvCamera TRACE: OpenCvCamera CAP_PROP_ZOOM = 0.0
2018-05-09 17:07:38 OpenCvCamera TRACE: OpenCvCamera CAP_PROP_FOCUS = 0.0
2018-05-09 17:07:38 OpenCvCamera TRACE: OpenCvCamera CAP_PROP_GUID = 0.0
2018-05-09 17:07:38 OpenCvCamera TRACE: OpenCvCamera CAP_PROP_ISO_SPEED = 0.0
2018-05-09 17:07:38 OpenCvCamera TRACE: OpenCvCamera CAP_PROP_BACKLIGHT = 0.0
2018-05-09 17:07:38 OpenCvCamera TRACE: OpenCvCamera CAP_PROP_PAN = 0.0
2018-05-09 17:07:38 OpenCvCamera TRACE: OpenCvCamera CAP_PROP_TILT = 0.0
2018-05-09 17:07:38 OpenCvCamera TRACE: OpenCvCamera CAP_PROP_ROLL = 0.0
2018-05-09 17:07:38 OpenCvCamera TRACE: OpenCvCamera CAP_PROP_IRIS = 0.0
2018-05-09 17:07:38 OpenCvCamera TRACE: OpenCvCamera CAP_PROP_SETTINGS = 0.0
2018-05-09 17:07:38 OpenCvCamera TRACE: OpenCvCamera CAP_PROP_BUFFERSIZE = 0.0
2018-05-09 17:07:38 OpenCvCamera TRACE: OpenCvCamera CAP_PROP_AUTOFOCUS = 0.0
2018-05-09 17:07:38 CameraView DEBUG: Failed to load camera specific reticle, checking default.
2018-05-09 17:07:38 CameraView DEBUG: No reticle preference found.
2018-05-09 17:08:46 CameraView DEBUG: Failed to load camera specific reticle, checking default.
2018-05-09 17:08:46 CameraView DEBUG: No reticle preference found.
2018-05-09 17:09:30 MainFrame INFO: Shutting down...
2018-05-09 17:09:30 ReferenceMachine DEBUG: setEnabled(false)
2018-05-09 17:09:30 GcodeDriver DEBUG: sendCommand(M84, 5000)...
2018-05-09 17:09:30 GcodeDriver TRACE: [/dev/ttyACM1] >> M84
2018-05-09 17:09:35 SystemLogger ERROR: java.lang.Exception: Timeout waiting for response to M84
2018-05-09 17:09:35 SystemLogger ERROR: 	at org.openpnp.machine.reference.driver.GcodeDriver.sendCommand(GcodeDriver.java:856)
2018-05-09 17:09:35 SystemLogger ERROR: 	at org.openpnp.machine.reference.driver.GcodeDriver.sendGcode(GcodeDriver.java:791)
2018-05-09 17:09:35 SystemLogger ERROR: 	at org.openpnp.machine.reference.driver.GcodeDriver.sendGcode(GcodeDriver.java:778)
2018-05-09 17:09:35 SystemLogger ERROR: 	at org.openpnp.machine.reference.driver.GcodeDriver.setEnabled(GcodeDriver.java:249)
2018-05-09 17:09:35 SystemLogger ERROR: 	at org.openpnp.machine.reference.ReferenceMachine.setEnabled(ReferenceMachine.java:149)
2018-05-09 17:09:35 SystemLogger ERROR: 	at org.openpnp.gui.MainFrame.quit(MainFrame.java:733)
2018-05-09 17:09:35 SystemLogger ERROR: 	at org.openpnp.gui.MainFrame$1.windowClosing(MainFrame.java:196)
2018-05-09 17:09:35 SystemLogger ERROR: 	at java.awt.AWTEventMulticaster.windowClosing(AWTEventMulticaster.java:349)
2018-05-09 17:09:35 SystemLogger ERROR: 	at java.awt.AWTEventMulticaster.windowClosing(AWTEventMulticaster.java:349)
2018-05-09 17:09:35 SystemLogger ERROR: 	at java.awt.AWTEventMulticaster.windowClosing(AWTEventMulticaster.java:349)
2018-05-09 17:09:35 SystemLogger ERROR: 	at java.awt.Window.processWindowEvent(Window.java:2054)
2018-05-09 17:09:35 SystemLogger ERROR: 	at javax.swing.JFrame.processWindowEvent(JFrame.java:305)
2018-05-09 17:09:35 SystemLogger ERROR: 	at java.awt.Window.processEvent(Window.java:2013)
2018-05-09 17:09:35 SystemLogger ERROR: 	at java.awt.Component.dispatchEventImpl(Component.java:4889)
2018-05-09 17:09:35 SystemLogger ERROR: 	at java.awt.Container.dispatchEventImpl(Container.java:2296)
2018-05-09 17:09:35 SystemLogger ERROR: 	at java.awt.Window.dispatchEventImpl(Window.java:2746)
2018-05-09 17:09:35 SystemLogger ERROR: 	at java.awt.Component.dispatchEvent(Component.java:4711)
2018-05-09 17:09:35 SystemLogger ERROR: 	at java.awt.EventQueue.dispatchEventImpl(EventQueue.java:760)
2018-05-09 17:09:35 SystemLogger ERROR: 	at java.awt.EventQueue.access$500(EventQueue.java:97)
2018-05-09 17:09:35 SystemLogger ERROR: 	at java.awt.EventQueue$3.run(EventQueue.java:709)
2018-05-09 17:09:35 SystemLogger ERROR: 	at java.awt.EventQueue$3.run(EventQueue.java:703)
2018-05-09 17:09:35 SystemLogger ERROR: 	at java.security.AccessController.doPrivileged(Native Method)
2018-05-09 17:09:35 SystemLogger ERROR: 	at java.security.ProtectionDomain$JavaSecurityAccessImpl.doIntersectionPrivilege(ProtectionDomain.java:80)
2018-05-09 17:09:35 SystemLogger ERROR: 	at java.security.ProtectionDomain$JavaSecurityAccessImpl.doIntersectionPrivilege(ProtectionDomain.java:90)
2018-05-09 17:09:35 SystemLogger ERROR: 	at java.awt.EventQueue$4.run(EventQueue.java:733)
2018-05-09 17:09:35 SystemLogger ERROR: 	at java.awt.EventQueue$4.run(EventQueue.java:731)
2018-05-09 17:09:35 SystemLogger ERROR: 	at java.security.AccessController.doPrivileged(Native Method)
2018-05-09 17:09:35 SystemLogger ERROR: 	at java.security.ProtectionDomain$JavaSecurityAccessImpl.doIntersectionPrivilege(ProtectionDomain.java:80)
2018-05-09 17:09:35 SystemLogger ERROR: 	at java.awt.EventQueue.dispatchEvent(EventQueue.java:730)
2018-05-09 17:09:35 SystemLogger ERROR: 	at org.openpnp.gui.MainFrame$2.dispatchEvent(MainFrame.java:377)
2018-05-09 17:09:35 SystemLogger ERROR: 	at java.awt.EventDispatchThread.pumpOneEventForFilters(EventDispatchThread.java:205)
2018-05-09 17:09:35 SystemLogger ERROR: 	at java.awt.EventDispatchThread.pumpEventsForFilter(EventDispatchThread.java:116)
2018-05-09 17:09:35 SystemLogger ERROR: 	at java.awt.EventDispatchThread.pumpEventsForHierarchy(EventDispatchThread.java:105)
2018-05-09 17:09:35 SystemLogger ERROR: 	at java.awt.EventDispatchThread.pumpEvents(EventDispatchThread.java:101)
2018-05-09 17:09:35 SystemLogger ERROR: 	at java.awt.EventDispatchThread.pumpEvents(EventDispatchThread.java:93)
2018-05-09 17:09:35 SystemLogger ERROR: 	at java.awt.EventDispatchThread.run(EventDispatchThread.java:82)
2018-05-09 17:09:35 MainFrame INFO: Shutdown complete, exiting.
